<?xml version="1.0" encoding="UTF-8"?>
<!-- Generated by org.testng.reporters.JUnitReportReporter -->
<testsuite hostname="Pardeeps-MacBook-Pro.local" failures="0" tests="6" name="test.Day2" time="0.030" errors="0" timestamp="2024-09-27T21:38:23 IST" skipped="0">
  <testcase classname="test.Day2" name="myTest1" time="0.001"/>
  <system-out/>
  <testcase classname="test.Day2" name="lastTest1" time="0.008"/>
  <system-out/>
  <testcase classname="test.Day2" name="newTest" time="0.004"/>
  <system-out/>
  <testcase classname="test.Day2" name="myTest1" time="0.002"/>
  <system-out/>
  <testcase classname="test.Day2" name="myTest1" time="0.005"/>
  <system-out/>
  <testcase classname="test.Day2" name="newTest1" time="0.010"/>
  <system-out/>
</testsuite> <!-- test.Day2 -->
